{"logTime": "1125/112835", "correlationVector":"w7L9WI++RoN+3TccFdwYYo.1","action":"SyncServerConnectionManagerRequest", "result":"SYNC_SERVER_OK", "context":{"environment":"Prod_WestEurope_x00e", "migrationStage":"NotStarted", "server":"GENERAL0200002J"}}
{"logTime": "1125/112836", "correlationVector":"4NlLoZRKrtIKkjfgmqURZ5","action":"SyncServerConnectionManagerRequest", "result":"SYNC_SERVER_OK", "context":{"environment":"", "migrationStage":"", "server":""}}
{"logTime": "1125/112836", "correlationVector":"w7L9WI++RoN+3TccFdwYYo","action":"Initial GetUpdates", "result":"", "context":Reason: NEW_CLIENT. cV=w7L9WI++RoN+3TccFdwYYo}
{"logTime": "1125/112836", "correlationVector":"w7L9WI++RoN+3TccFdwYYo.2","action":"GetUpdates Response", "result":"Success", "context":Received 1 update(s). cV=w7L9WI++RoN+3TccFdwYYo.0;server=GENERAL0200002J;cloudType=Consumer;environment=Prod_WestEurope_x00e;migrationStage=NotStarted}
{"logTime": "1125/112836", "correlationVector":"ThUYt2PgSNs7684c1hoZEc","action":"Initial GetUpdates", "result":"", "context":Reason: NEWLY_SUPPORTED_DATATYPE. cV=ThUYt2PgSNs7684c1hoZEc}
{"logTime": "1125/112837", "correlationVector":"ThUYt2PgSNs7684c1hoZEc.1","action":"SyncServerConnectionManagerRequest", "result":"SYNC_SERVER_OK", "context":{"environment":"Prod_WestEurope_x00e", "migrationStage":"NotStarted", "server":"GENERAL02000000"}}
{"logTime": "1125/112837", "correlationVector":"ThUYt2PgSNs7684c1hoZEc.2","action":"GetUpdates", "result":"DeleteReceived", "context":{"id":"45866e07-08fb-4663-aa89-5abb6593c24a", "isDeleted:":"true", "version":"1716030984174"}}
{"logTime": "1125/112837", "correlationVector":"ThUYt2PgSNs7684c1hoZEc.3","action":"GetUpdates", "result":"DeleteReceived", "context":{"id":"9cdbbbb7-8b05-4530-9f98-e7ff53d3461e", "isDeleted:":"true", "version":"1729597534377"}}
{"logTime": "1125/112837", "correlationVector":"ThUYt2PgSNs7684c1hoZEc.4","action":"GetUpdates", "result":"DeleteReceived", "context":{"id":"1bb4d180-b38f-4159-9900-7bc8d634d97f", "isDeleted:":"true", "version":"1729597544025"}}
{"logTime": "1125/112837", "correlationVector":"ThUYt2PgSNs7684c1hoZEc.5","action":"GetUpdates", "result":"DeleteReceived", "context":{"id":"50d8f8d6-f9c1-42b0-8c90-20eee2593068", "isDeleted:":"true", "version":"1729597558455"}}
{"logTime": "1125/112837", "correlationVector":"ThUYt2PgSNs7684c1hoZEc.6","action":"GetUpdates Response", "result":"Success", "context":Received 168 update(s). cV=ThUYt2PgSNs7684c1hoZEc.0;server=GENERAL02000000;cloudType=Consumer;environment=Prod_WestEurope_x00e;migrationStage=NotStarted}
{"logTime": "1125/112837", "correlationVector":"Gjdw27/yK1BEnZqQP7M+yd","action":"Initial GetUpdates", "result":"", "context":Reason: NEWLY_SUPPORTED_DATATYPE. cV=Gjdw27/yK1BEnZqQP7M+yd}
{"logTime": "1125/112837", "correlationVector":"Gjdw27/yK1BEnZqQP7M+yd.1","action":"SyncServerConnectionManagerRequest", "result":"SYNC_SERVER_OK", "context":{"environment":"Prod_WestEurope_x00e", "migrationStage":"NotStarted", "server":"GENERAL02000028"}}
{"logTime": "1125/112837", "correlationVector":"Gjdw27/yK1BEnZqQP7M+yd.2","action":"GetUpdates", "result":"DeleteReceived", "context":{"id":"55e068ed-2ffd-435e-8234-24bce4ed7f3b", "isDeleted:":"true", "version":"1717938651985"}}
{"logTime": "1125/112837", "correlationVector":"Gjdw27/yK1BEnZqQP7M+yd.3","action":"GetUpdates", "result":"DeleteReceived", "context":{"id":"3fb85884-fe67-48d8-a4c1-67467e1ea885", "isDeleted:":"true", "version":"1718147153975"}}
{"logTime": "1125/112837", "correlationVector":"Gjdw27/yK1BEnZqQP7M+yd.4","action":"GetUpdates", "result":"DeleteReceived", "context":{"id":"4b77d2e2-21f0-4eab-9261-23d52ff4b58f", "isDeleted:":"true", "version":"1718147156624"}}
{"logTime": "1125/112837", "correlationVector":"Gjdw27/yK1BEnZqQP7M+yd.5","action":"GetUpdates Response", "result":"Success", "context":Received 10 update(s). cV=Gjdw27/yK1BEnZqQP7M+yd.0;server=GENERAL02000028;cloudType=Consumer;environment=Prod_WestEurope_x00e;migrationStage=NotStarted}
{"logTime": "1125/112837", "correlationVector":"7//Yt/KDmSLTx3JmGNdmue","action":"Initial GetUpdates", "result":"", "context":Reason: NEWLY_SUPPORTED_DATATYPE. cV=7//Yt/KDmSLTx3JmGNdmue}
{"logTime": "1125/112838", "correlationVector":"7//Yt/KDmSLTx3JmGNdmue.1","action":"SyncServerConnectionManagerRequest", "result":"SYNC_SERVER_OK", "context":{"environment":"Prod_WestEurope_x00e", "migrationStage":"NotStarted", "server":"GENERAL02000010"}}
{"logTime": "1125/112838", "correlationVector":"7//Yt/KDmSLTx3JmGNdmue.2","action":"GetUpdates", "result":"DeleteReceived", "context":{"id":"7ea0cf07-083f-4ecf-a73b-1e66d65dff65", "isDeleted:":"true", "version":"1724836972514"}}
{"logTime": "1125/112838", "correlationVector":"7//Yt/KDmSLTx3JmGNdmue.3","action":"GetUpdates", "result":"DeleteReceived", "context":{"id":"3b7fb562-f1d1-406c-92fb-8f75b3605d59", "isDeleted:":"true", "version":"1724836972515"}}
{"logTime": "1125/112838", "correlationVector":"7//Yt/KDmSLTx3JmGNdmue.4","action":"GetUpdates", "result":"DeleteReceived", "context":{"id":"a5692a62-4c2b-4c1c-8daa-592eb387bb07", "isDeleted:":"true", "version":"1724836972516"}}
{"logTime": "1125/112838", "correlationVector":"7//Yt/KDmSLTx3JmGNdmue.5","action":"GetUpdates", "result":"DeleteReceived", "context":{"id":"239877dd-3b3c-481f-826e-21875839cc46", "isDeleted:":"true", "version":"1724836972517"}}
{"logTime": "1125/112838", "correlationVector":"7//Yt/KDmSLTx3JmGNdmue.6","action":"GetUpdates", "result":"DeleteReceived", "context":{"id":"9e64685d-66d9-4d6f-bcf0-9a429a590668", "isDeleted:":"true", "version":"1724836991848"}}
{"logTime": "1125/112838", "correlationVector":"7//Yt/KDmSLTx3JmGNdmue.7","action":"GetUpdates", "result":"DeleteReceived", "context":{"id":"92b6e9d3-45e6-4e4b-b964-9c75ec649475", "isDeleted:":"true", "version":"1724841362169"}}
{"logTime": "1125/112838", "correlationVector":"7//Yt/KDmSLTx3JmGNdmue.8","action":"GetUpdates", "result":"DeleteReceived", "context":{"id":"a810779e-f0b4-42b4-9159-8c88faf8e2c6", "isDeleted:":"true", "version":"1724952865369"}}
{"logTime": "1125/112838", "correlationVector":"7//Yt/KDmSLTx3JmGNdmue.9","action":"GetUpdates", "result":"DeleteReceived", "context":{"id":"abb8268c-c5b3-4ddd-8246-864e88850d85", "isDeleted:":"true", "version":"1725736995146"}}
{"logTime": "1125/112838", "correlationVector":"7//Yt/KDmSLTx3JmGNdmue.10","action":"GetUpdates", "result":"DeleteReceived", "context":{"id":"0d23bb21-d09b-43eb-be0b-3aaeec466e18", "isDeleted:":"true", "version":"1727449897604"}}
{"logTime": "1125/112838", "correlationVector":"7//Yt/KDmSLTx3JmGNdmue.11","action":"GetUpdates", "result":"DeleteReceived", "context":{"id":"97899448-bb03-4337-bfd7-aa93e9700f87", "isDeleted:":"true", "version":"1727726031416"}}
{"logTime": "1125/112838", "correlationVector":"7//Yt/KDmSLTx3JmGNdmue.12","action":"GetUpdates", "result":"DeleteReceived", "context":{"id":"2e9062ba-b7c2-476b-bcc1-43acb8ca9a5a", "isDeleted:":"true", "version":"1727726031417"}}
{"logTime": "1125/112838", "correlationVector":"7//Yt/KDmSLTx3JmGNdmue.13","action":"GetUpdates", "result":"DeleteReceived", "context":{"id":"627edc3b-ab22-4b0b-ba8f-6c37f1355023", "isDeleted:":"true", "version":"1727726031418"}}
{"logTime": "1125/112838", "correlationVector":"7//Yt/KDmSLTx3JmGNdmue.14","action":"GetUpdates", "result":"DeleteReceived", "context":{"id":"ca0fc61f-2422-4278-8c4a-3e379ff9f441", "isDeleted:":"true", "version":"1727727059341"}}
{"logTime": "1125/112838", "correlationVector":"7//Yt/KDmSLTx3JmGNdmue.15","action":"GetUpdates", "result":"DeleteReceived", "context":{"id":"e25fe00c-75a4-4e7f-9d93-1c4f2e758c0f", "isDeleted:":"true", "version":"1727728501648"}}
{"logTime": "1125/112838", "correlationVector":"7//Yt/KDmSLTx3JmGNdmue.16","action":"GetUpdates", "result":"DeleteReceived", "context":{"id":"cf02cf40-6d06-415e-8b76-c1441468c66f", "isDeleted:":"true", "version":"1727728501650"}}
{"logTime": "1125/112838", "correlationVector":"7//Yt/KDmSLTx3JmGNdmue.17","action":"GetUpdates", "result":"DeleteReceived", "context":{"id":"a31cf3e6-3deb-45b2-9fdf-980fffd3805a", "isDeleted:":"true", "version":"1727728620678"}}
{"logTime": "1125/112838", "correlationVector":"7//Yt/KDmSLTx3JmGNdmue.18","action":"GetUpdates", "result":"DeleteReceived", "context":{"id":"33cf113b-1d70-4c58-a21d-abfaf99ccc42", "isDeleted:":"true", "version":"1727728630930"}}
{"logTime": "1125/112838", "correlationVector":"7//Yt/KDmSLTx3JmGNdmue.19","action":"GetUpdates", "result":"DeleteReceived", "context":{"id":"66a811fa-6e4c-48a5-bd67-8bde6c00b577", "isDeleted:":"true", "version":"1728370488619"}}
{"logTime": "1125/112838", "correlationVector":"7//Yt/KDmSLTx3JmGNdmue.20","action":"GetUpdates", "result":"DeleteReceived", "context":{"id":"ca126409-a108-4cda-a3a3-2863644f3d8a", "isDeleted:":"true", "version":"1728372784117"}}
{"logTime": "1125/112838", "correlationVector":"7//Yt/KDmSLTx3JmGNdmue.21","action":"GetUpdates", "result":"DeleteReceived", "context":{"id":"5265d5b8-01d8-4c30-8f50-6111b6c7b607", "isDeleted:":"true", "version":"1728372784119"}}
{"logTime": "1125/112838", "correlationVector":"7//Yt/KDmSLTx3JmGNdmue.22","action":"GetUpdates", "result":"DeleteReceived", "context":{"id":"af32be52-d988-4bbb-be89-77b8eb6e839d", "isDeleted:":"true", "version":"1728372784120"}}
{"logTime": "1125/112838", "correlationVector":"7//Yt/KDmSLTx3JmGNdmue.23","action":"GetUpdates", "result":"DeleteReceived", "context":{"id":"bb943fa9-84a5-44ec-a4f6-794674454efd", "isDeleted:":"true", "version":"1728373366467"}}
{"logTime": "1125/112838", "correlationVector":"7//Yt/KDmSLTx3JmGNdmue.24","action":"GetUpdates", "result":"DeleteReceived", "context":{"id":"9368b35a-ada1-4dd9-a6b7-ec6a98e35387", "isDeleted:":"true", "version":"1728375091911"}}
{"logTime": "1125/112838", "correlationVector":"7//Yt/KDmSLTx3JmGNdmue.25","action":"GetUpdates", "result":"DeleteReceived", "context":{"id":"7722d9f6-bb6f-4ee7-b43d-e9e9d6f4e23a", "isDeleted:":"true", "version":"1728375091913"}}
{"logTime": "1125/112838", "correlationVector":"7//Yt/KDmSLTx3JmGNdmue.26","action":"GetUpdates", "result":"DeleteReceived", "context":{"id":"f535541f-46e2-4abf-9e17-8cde0989d665", "isDeleted:":"true", "version":"1728375759190"}}
{"logTime": "1125/112838", "correlationVector":"7//Yt/KDmSLTx3JmGNdmue.27","action":"GetUpdates", "result":"DeleteReceived", "context":{"id":"f495ca56-7866-4d1a-aaf2-47e6d585a749", "isDeleted:":"true", "version":"1728375867741"}}
{"logTime": "1125/112838", "correlationVector":"7//Yt/KDmSLTx3JmGNdmue.28","action":"GetUpdates", "result":"DeleteReceived", "context":{"id":"92f81952-fc8f-4f2e-9d7b-18548b1d30a5", "isDeleted:":"true", "version":"1728392155625"}}
{"logTime": "1125/112838", "correlationVector":"7//Yt/KDmSLTx3JmGNdmue.29","action":"GetUpdates", "result":"DeleteReceived", "context":{"id":"f1d7198f-4ad0-4681-ab5c-6caadf8a530f", "isDeleted:":"true", "version":"1728392155626"}}
{"logTime": "1125/112838", "correlationVector":"7//Yt/KDmSLTx3JmGNdmue.30","action":"GetUpdates", "result":"DeleteReceived", "context":{"id":"fc0cc14d-c249-41d0-99b3-eca86c17c330", "isDeleted:":"true", "version":"1728543355115"}}
{"logTime": "1125/112838", "correlationVector":"7//Yt/KDmSLTx3JmGNdmue.31","action":"GetUpdates", "result":"DeleteReceived", "context":{"id":"4a0c800f-3bcd-413f-b082-067ae0de9179", "isDeleted:":"true", "version":"1728543504520"}}
{"logTime": "1125/112838", "correlationVector":"7//Yt/KDmSLTx3JmGNdmue.32","action":"GetUpdates", "result":"DeleteReceived", "context":{"id":"2b360e63-3e47-4c50-8af9-5c6d54558077", "isDeleted:":"true", "version":"1728543504523"}}
{"logTime": "1125/112838", "correlationVector":"7//Yt/KDmSLTx3JmGNdmue.33","action":"GetUpdates", "result":"DeleteReceived", "context":{"id":"eb5c6a2c-703a-4395-a069-5811cd12c389", "isDeleted:":"true", "version":"1728543504524"}}
{"logTime": "1125/112838", "correlationVector":"7//Yt/KDmSLTx3JmGNdmue.34","action":"GetUpdates", "result":"DeleteReceived", "context":{"id":"fc212d8f-9b0d-4b88-90b6-4745cf5fd15c", "isDeleted:":"true", "version":"1728546129908"}}
{"logTime": "1125/112838", "correlationVector":"7//Yt/KDmSLTx3JmGNdmue.35","action":"GetUpdates", "result":"DeleteReceived", "context":{"id":"b685dc98-6fda-4e50-ab3f-0e195f3896ed", "isDeleted:":"true", "version":"1728546132633"}}
{"logTime": "1125/112838", "correlationVector":"7//Yt/KDmSLTx3JmGNdmue.36","action":"GetUpdates", "result":"DeleteReceived", "context":{"id":"3eef7fd6-4f6b-4c61-9de7-351e362a6c83", "isDeleted:":"true", "version":"1728547037212"}}
{"logTime": "1125/112838", "correlationVector":"7//Yt/KDmSLTx3JmGNdmue.37","action":"GetUpdates", "result":"DeleteReceived", "context":{"id":"e153deab-d7e1-4f9a-9b3d-ac48d0142dfb", "isDeleted:":"true", "version":"1728549747986"}}
{"logTime": "1125/112838", "correlationVector":"7//Yt/KDmSLTx3JmGNdmue.38","action":"GetUpdates", "result":"DeleteReceived", "context":{"id":"7a0695c0-2843-4bcd-83e4-f5b4b3893ce4", "isDeleted:":"true", "version":"1728549773147"}}
{"logTime": "1125/112838", "correlationVector":"7//Yt/KDmSLTx3JmGNdmue.39","action":"GetUpdates", "result":"DeleteReceived", "context":{"id":"4ee0b732-9c16-44b7-be2a-6292c3dde314", "isDeleted:":"true", "version":"1728549803862"}}
{"logTime": "1125/112838", "correlationVector":"7//Yt/KDmSLTx3JmGNdmue.40","action":"GetUpdates", "result":"DeleteReceived", "context":{"id":"ccdb4aef-e68d-452e-83d3-d3fa0f518dc6", "isDeleted:":"true", "version":"1728549858447"}}
{"logTime": "1125/112838", "correlationVector":"7//Yt/KDmSLTx3JmGNdmue.41","action":"GetUpdates", "result":"DeleteReceived", "context":{"id":"c58bebd9-62c9-497b-83b2-bf4aa5e19c30", "isDeleted:":"true", "version":"1728549972768"}}
{"logTime": "1125/112838", "correlationVector":"7//Yt/KDmSLTx3JmGNdmue.42","action":"GetUpdates", "result":"DeleteReceived", "context":{"id":"ef5c026b-7133-4acd-976c-b50dc1004cd3", "isDeleted:":"true", "version":"1728941085136"}}
{"logTime": "1125/112838", "correlationVector":"7//Yt/KDmSLTx3JmGNdmue.43","action":"GetUpdates", "result":"DeleteReceived", "context":{"id":"42a82985-1c9b-49a1-8f35-ceeff6f88010", "isDeleted:":"true", "version":"1728941085137"}}
{"logTime": "1125/112838", "correlationVector":"7//Yt/KDmSLTx3JmGNdmue.44","action":"GetUpdates", "result":"DeleteReceived", "context":{"id":"9f96aef7-d545-48da-82db-313a7d6a8927", "isDeleted:":"true", "version":"1728941085139"}}
{"logTime": "1125/112838", "correlationVector":"7//Yt/KDmSLTx3JmGNdmue.45","action":"GetUpdates", "result":"DeleteReceived", "context":{"id":"16c3af86-c42f-45a7-a00a-1cf1b3b9435b", "isDeleted:":"true", "version":"1728941085146"}}
{"logTime": "1125/112838", "correlationVector":"7//Yt/KDmSLTx3JmGNdmue.46","action":"GetUpdates", "result":"DeleteReceived", "context":{"id":"87770c9f-5faa-4ebd-9ef2-4355ab7e0b92", "isDeleted:":"true", "version":"1728941085147"}}
{"logTime": "1125/112838", "correlationVector":"7//Yt/KDmSLTx3JmGNdmue.47","action":"GetUpdates", "result":"DeleteReceived", "context":{"id":"6dd9aabd-a8cc-4352-adcc-b98966b91429", "isDeleted:":"true", "version":"1728941833950"}}
{"logTime": "1125/112838", "correlationVector":"7//Yt/KDmSLTx3JmGNdmue.48","action":"GetUpdates", "result":"DeleteReceived", "context":{"id":"3604cc2e-321f-4b36-9ed5-f0153c5a0342", "isDeleted:":"true", "version":"1728941833955"}}
{"logTime": "1125/112838", "correlationVector":"7//Yt/KDmSLTx3JmGNdmue.49","action":"GetUpdates", "result":"DeleteReceived", "context":{"id":"34984b48-d206-410e-bacc-780ea292e5f4", "isDeleted:":"true", "version":"1728941892497"}}
{"logTime": "1125/112838", "correlationVector":"7//Yt/KDmSLTx3JmGNdmue.50","action":"GetUpdates", "result":"DeleteReceived", "context":{"id":"12cdcfd8-8534-4f82-a6e3-c4b4a286c9e0", "isDeleted:":"true", "version":"1728941892498"}}
{"logTime": "1125/112838", "correlationVector":"7//Yt/KDmSLTx3JmGNdmue.51","action":"GetUpdates", "result":"DeleteReceived", "context":{"id":"8fa00aff-faa9-405b-9453-55216cb345ce", "isDeleted:":"true", "version":"1728941892499"}}
{"logTime": "1125/112838", "correlationVector":"7//Yt/KDmSLTx3JmGNdmue.52","action":"GetUpdates", "result":"DeleteReceived", "context":{"id":"179159ab-2666-4d47-b58f-e2c655afe701", "isDeleted:":"true", "version":"1728941892500"}}
{"logTime": "1125/112838", "correlationVector":"7//Yt/KDmSLTx3JmGNdmue.53","action":"GetUpdates", "result":"DeleteReceived", "context":{"id":"f356c6ff-b352-45cd-a068-d50da64f15da", "isDeleted:":"true", "version":"1728941892502"}}
{"logTime": "1125/112838", "correlationVector":"7//Yt/KDmSLTx3JmGNdmue.54","action":"GetUpdates", "result":"DeleteReceived", "context":{"id":"f2a58110-4d0f-47d4-9a0c-a09b5a843d9a", "isDeleted:":"true", "version":"1728941892503"}}
{"logTime": "1125/112838", "correlationVector":"7//Yt/KDmSLTx3JmGNdmue.55","action":"GetUpdates", "result":"DeleteReceived", "context":{"id":"ce0bb332-f36b-4cbb-8bc4-078e2c254482", "isDeleted:":"true", "version":"1728975515060"}}
{"logTime": "1125/112838", "correlationVector":"7//Yt/KDmSLTx3JmGNdmue.56","action":"GetUpdates", "result":"DeleteReceived", "context":{"id":"5fc055cd-54d7-421e-b1f7-381f1b47142e", "isDeleted:":"true", "version":"1728975515064"}}
{"logTime": "1125/112838", "correlationVector":"7//Yt/KDmSLTx3JmGNdmue.57","action":"GetUpdates", "result":"DeleteReceived", "context":{"id":"740eeaf5-1fe0-4839-b63b-888fa9bb5783", "isDeleted:":"true", "version":"1728975515069"}}
{"logTime": "1125/112838", "correlationVector":"7//Yt/KDmSLTx3JmGNdmue.58","action":"GetUpdates", "result":"DeleteReceived", "context":{"id":"a8718b86-9fca-4dc7-b0ce-19610cc38df7", "isDeleted:":"true", "version":"1728975515072"}}
{"logTime": "1125/112838", "correlationVector":"7//Yt/KDmSLTx3JmGNdmue.59","action":"GetUpdates", "result":"DeleteReceived", "context":{"id":"c9ad907e-1d59-4a22-b273-15d4de38874b", "isDeleted:":"true", "version":"1728975515074"}}
{"logTime": "1125/112838", "correlationVector":"7//Yt/KDmSLTx3JmGNdmue.60","action":"GetUpdates", "result":"DeleteReceived", "context":{"id":"404cd9c5-3aa7-4b09-ae4c-db23a1ef800a", "isDeleted:":"true", "version":"1728976465715"}}
{"logTime": "1125/112838", "correlationVector":"7//Yt/KDmSLTx3JmGNdmue.61","action":"GetUpdates", "result":"DeleteReceived", "context":{"id":"7027f448-5743-4ce9-8fef-7bd3c7978381", "isDeleted:":"true", "version":"1728979359165"}}
{"logTime": "1125/112838", "correlationVector":"7//Yt/KDmSLTx3JmGNdmue.62","action":"GetUpdates", "result":"DeleteReceived", "context":{"id":"2b273342-744d-46e7-a92e-02dfb264488f", "isDeleted:":"true", "version":"1728982721481"}}
{"logTime": "1125/112838", "correlationVector":"7//Yt/KDmSLTx3JmGNdmue.63","action":"GetUpdates", "result":"DeleteReceived", "context":{"id":"6c59e77f-9719-4861-963b-795f9032d834", "isDeleted:":"true", "version":"1728982721482"}}
{"logTime": "1125/112838", "correlationVector":"7//Yt/KDmSLTx3JmGNdmue.64","action":"GetUpdates", "result":"DeleteReceived", "context":{"id":"18d087fc-9803-4b5e-9bba-7ab4353f3ec2", "isDeleted:":"true", "version":"1728982721483"}}
{"logTime": "1125/112838", "correlationVector":"7//Yt/KDmSLTx3JmGNdmue.65","action":"GetUpdates", "result":"DeleteReceived", "context":{"id":"97d1ac2d-391e-4f9e-a2d2-3fa412c3ffbb", "isDeleted:":"true", "version":"1728982721484"}}
{"logTime": "1125/112838", "correlationVector":"7//Yt/KDmSLTx3JmGNdmue.66","action":"GetUpdates", "result":"DeleteReceived", "context":{"id":"ad0ee52c-3c9e-405b-8099-fbbbe35d07d9", "isDeleted:":"true", "version":"1728982721485"}}
{"logTime": "1125/112838", "correlationVector":"7//Yt/KDmSLTx3JmGNdmue.67","action":"GetUpdates", "result":"DeleteReceived", "context":{"id":"b2f993c5-a47e-455b-a6c9-e7afd8801971", "isDeleted:":"true", "version":"1728982721486"}}
{"logTime": "1125/112838", "correlationVector":"7//Yt/KDmSLTx3JmGNdmue.68","action":"GetUpdates", "result":"DeleteReceived", "context":{"id":"e6c610b0-a8d7-44d4-a885-38c90d36721e", "isDeleted:":"true", "version":"1728983589038"}}
{"logTime": "1125/112838", "correlationVector":"7//Yt/KDmSLTx3JmGNdmue.69","action":"GetUpdates", "result":"DeleteReceived", "context":{"id":"aeb91992-fc34-4455-88fa-16b831abf190", "isDeleted:":"true", "version":"1728984256985"}}
{"logTime": "1125/112838", "correlationVector":"7//Yt/KDmSLTx3JmGNdmue.70","action":"GetUpdates", "result":"DeleteReceived", "context":{"id":"98774a98-3f6f-4c17-bc99-a628c963ae94", "isDeleted:":"true", "version":"1728984691351"}}
{"logTime": "1125/112838", "correlationVector":"7//Yt/KDmSLTx3JmGNdmue.71","action":"GetUpdates", "result":"DeleteReceived", "context":{"id":"68b3ab9c-0267-4cec-b7b2-d2fe7137054a", "isDeleted:":"true", "version":"1728984859834"}}
{"logTime": "1125/112838", "correlationVector":"7//Yt/KDmSLTx3JmGNdmue.72","action":"GetUpdates", "result":"DeleteReceived", "context":{"id":"873a54d8-ed4f-4d69-b650-69fd1754db0c", "isDeleted:":"true", "version":"1728984859836"}}
{"logTime": "1125/112838", "correlationVector":"7//Yt/KDmSLTx3JmGNdmue.73","action":"GetUpdates", "result":"DeleteReceived", "context":{"id":"d57f78b3-0db5-425e-8be5-11c9b529f059", "isDeleted:":"true", "version":"1728984903578"}}
{"logTime": "1125/112838", "correlationVector":"7//Yt/KDmSLTx3JmGNdmue.74","action":"GetUpdates", "result":"DeleteReceived", "context":{"id":"3bacf847-6a60-43bd-a31f-c9e2a297df2f", "isDeleted:":"true", "version":"1728985296522"}}
{"logTime": "1125/112838", "correlationVector":"7//Yt/KDmSLTx3JmGNdmue.75","action":"GetUpdates", "result":"DeleteReceived", "context":{"id":"b00c0722-d50f-4ce1-b7fe-8e75bbe7914e", "isDeleted:":"true", "version":"1728985296523"}}
{"logTime": "1125/112838", "correlationVector":"7//Yt/KDmSLTx3JmGNdmue.76","action":"GetUpdates", "result":"DeleteReceived", "context":{"id":"a53eb57a-e71f-4d96-ba73-8280be930f8c", "isDeleted:":"true", "version":"1728985296524"}}
{"logTime": "1125/112838", "correlationVector":"7//Yt/KDmSLTx3JmGNdmue.77","action":"GetUpdates", "result":"DeleteReceived", "context":{"id":"34880021-865d-4512-a014-b88a173b4908", "isDeleted:":"true", "version":"1728985296525"}}
{"logTime": "1125/112838", "correlationVector":"7//Yt/KDmSLTx3JmGNdmue.78","action":"GetUpdates", "result":"DeleteReceived", "context":{"id":"63f90cea-9d5a-4dc0-9b0d-f414c2b37abf", "isDeleted:":"true", "version":"1728986339770"}}
{"logTime": "1125/112838", "correlationVector":"7//Yt/KDmSLTx3JmGNdmue.79","action":"GetUpdates", "result":"DeleteReceived", "context":{"id":"9680d5ad-a0f0-4e36-a274-ea4b83debffe", "isDeleted:":"true", "version":"1728986339771"}}
{"logTime": "1125/112838", "correlationVector":"7//Yt/KDmSLTx3JmGNdmue.80","action":"GetUpdates", "result":"DeleteReceived", "context":{"id":"a88013d3-99a7-4a05-946e-62eeb1f0c714", "isDeleted:":"true", "version":"1728986340531"}}
{"logTime": "1125/112838", "correlationVector":"7//Yt/KDmSLTx3JmGNdmue.81","action":"GetUpdates", "result":"DeleteReceived", "context":{"id":"3d57983f-f073-4fc2-bdc2-c63edfed3bdd", "isDeleted:":"true", "version":"1728991443815"}}
{"logTime": "1125/112838", "correlationVector":"7//Yt/KDmSLTx3JmGNdmue.82","action":"GetUpdates", "result":"DeleteReceived", "context":{"id":"fbec2bfd-d23c-4ef1-bb05-a6e05c3de01d", "isDeleted:":"true", "version":"1729147075924"}}
{"logTime": "1125/112838", "correlationVector":"7//Yt/KDmSLTx3JmGNdmue.83","action":"GetUpdates", "result":"DeleteReceived", "context":{"id":"343fab6f-0be0-4035-a954-67bd0baf813a", "isDeleted:":"true", "version":"1729147090546"}}
{"logTime": "1125/112838", "correlationVector":"7//Yt/KDmSLTx3JmGNdmue.84","action":"GetUpdates", "result":"DeleteReceived", "context":{"id":"11cb2f29-b325-4876-b37d-f0fcdf79c2b2", "isDeleted:":"true", "version":"1729147286025"}}
{"logTime": "1125/112838", "correlationVector":"7//Yt/KDmSLTx3JmGNdmue.85","action":"GetUpdates", "result":"DeleteReceived", "context":{"id":"11475408-7cc7-41b4-a917-d951e1f03d26", "isDeleted:":"true", "version":"1729147950689"}}
{"logTime": "1125/112838", "correlationVector":"7//Yt/KDmSLTx3JmGNdmue.86","action":"GetUpdates", "result":"DeleteReceived", "context":{"id":"57e8fc51-90fa-44fd-becd-932b05a63ac0", "isDeleted:":"true", "version":"1729148218834"}}
{"logTime": "1125/112838", "correlationVector":"7//Yt/KDmSLTx3JmGNdmue.87","action":"GetUpdates", "result":"DeleteReceived", "context":{"id":"e3a76609-d598-4a26-9c48-8bf35c3c7db3", "isDeleted:":"true", "version":"1729148653002"}}
{"logTime": "1125/112838", "correlationVector":"7//Yt/KDmSLTx3JmGNdmue.88","action":"GetUpdates", "result":"DeleteReceived", "context":{"id":"d91c62aa-70c3-4dc5-ba02-fb8e11cdc187", "isDeleted:":"true", "version":"1729148703354"}}
{"logTime": "1125/112838", "correlationVector":"7//Yt/KDmSLTx3JmGNdmue.89","action":"GetUpdates", "result":"DeleteReceived", "context":{"id":"c4217053-2f63-4e30-873f-ca05385e368d", "isDeleted:":"true", "version":"1729148728205"}}
{"logTime": "1125/112838", "correlationVector":"7//Yt/KDmSLTx3JmGNdmue.90","action":"GetUpdates", "result":"DeleteReceived", "context":{"id":"015603e4-f764-462b-90fb-7c452a165dcf", "isDeleted:":"true", "version":"1729148773348"}}
{"logTime": "1125/112838", "correlationVector":"7//Yt/KDmSLTx3JmGNdmue.91","action":"GetUpdates", "result":"DeleteReceived", "context":{"id":"1daa7a6e-2bc1-4d86-9f08-139f3e791e37", "isDeleted:":"true", "version":"1729149506697"}}
{"logTime": "1125/112838", "correlationVector":"7//Yt/KDmSLTx3JmGNdmue.92","action":"GetUpdates", "result":"DeleteReceived", "context":{"id":"3709ceff-2637-4589-aa5d-89061273d243", "isDeleted:":"true", "version":"1729150205404"}}
{"logTime": "1125/112838", "correlationVector":"7//Yt/KDmSLTx3JmGNdmue.93","action":"GetUpdates", "result":"DeleteReceived", "context":{"id":"c07637bb-6cc6-4d6f-bda6-632a21299570", "isDeleted:":"true", "version":"1729150671130"}}
{"logTime": "1125/112838", "correlationVector":"7//Yt/KDmSLTx3JmGNdmue.94","action":"GetUpdates", "result":"DeleteReceived", "context":{"id":"dc4a34c3-8d22-44e3-891e-043aaa40e700", "isDeleted:":"true", "version":"1729151102238"}}
{"logTime": "1125/112838", "correlationVector":"7//Yt/KDmSLTx3JmGNdmue.95","action":"GetUpdates", "result":"DeleteReceived", "context":{"id":"51e73b98-edf5-49e7-bbe5-16f07e88f8d2", "isDeleted:":"true", "version":"1729151858605"}}
{"logTime": "1125/112838", "correlationVector":"7//Yt/KDmSLTx3JmGNdmue.96","action":"GetUpdates", "result":"DeleteReceived", "context":{"id":"8a1d9ea5-3805-48ae-bff5-081fe9809226", "isDeleted:":"true", "version":"1729151893343"}}
{"logTime": "1125/112838", "correlationVector":"7//Yt/KDmSLTx3JmGNdmue.97","action":"GetUpdates", "result":"DeleteReceived", "context":{"id":"3de3cd8a-25be-42ab-8e90-fc5edd1362d3", "isDeleted:":"true", "version":"1729152274498"}}
{"logTime": "1125/112838", "correlationVector":"7//Yt/KDmSLTx3JmGNdmue.98","action":"GetUpdates", "result":"DeleteReceived", "context":{"id":"a7f7726d-8931-40d0-b36c-66947c3738a4", "isDeleted:":"true", "version":"1729153782122"}}
{"logTime": "1125/112838", "correlationVector":"7//Yt/KDmSLTx3JmGNdmue.99","action":"GetUpdates", "result":"DeleteReceived", "context":{"id":"d54fb278-1e98-4e06-bb3c-c9268d7b2a19", "isDeleted:":"true", "version":"1729153802148"}}
{"logTime": "1125/112838", "correlationVector":"7//Yt/KDmSLTx3JmGNdmue.100","action":"GetUpdates", "result":"DeleteReceived", "context":{"id":"1c0e22d9-623a-4245-95f5-07735437c4a5", "isDeleted:":"true", "version":"1729153837214"}}
{"logTime": "1125/112838", "correlationVector":"7//Yt/KDmSLTx3JmGNdmue.101","action":"GetUpdates", "result":"DeleteReceived", "context":{"id":"c33c48b5-09c1-4bc3-b01b-d82c5f12ccc6", "isDeleted:":"true", "version":"1729154423319"}}
{"logTime": "1125/112838", "correlationVector":"7//Yt/KDmSLTx3JmGNdmue.102","action":"GetUpdates", "result":"DeleteReceived", "context":{"id":"f705b617-fe85-451a-9c6a-ae0600a538b8", "isDeleted:":"true", "version":"1729155194644"}}
{"logTime": "1125/112838", "correlationVector":"7//Yt/KDmSLTx3JmGNdmue.103","action":"GetUpdates", "result":"DeleteReceived", "context":{"id":"3a10d84b-fd33-4baf-9eca-aeb450961e3a", "isDeleted:":"true", "version":"1729155208929"}}
{"logTime": "1125/112838", "correlationVector":"7//Yt/KDmSLTx3JmGNdmue.104","action":"GetUpdates", "result":"DeleteReceived", "context":{"id":"49291c3d-c9d6-4ede-92a5-0de215307f72", "isDeleted:":"true", "version":"1729583174006"}}
{"logTime": "1125/112838", "correlationVector":"7//Yt/KDmSLTx3JmGNdmue.105","action":"GetUpdates", "result":"DeleteReceived", "context":{"id":"a7980a98-8055-4d14-8c40-d6faa0f6494e", "isDeleted:":"true", "version":"1729588253725"}}
{"logTime": "1125/112838", "correlationVector":"7//Yt/KDmSLTx3JmGNdmue.106","action":"GetUpdates", "result":"DeleteReceived", "context":{"id":"c12f659d-642f-467d-9f9c-e41dbd2a82e1", "isDeleted:":"true", "version":"1729588253726"}}
{"logTime": "1125/112838", "correlationVector":"7//Yt/KDmSLTx3JmGNdmue.107","action":"GetUpdates", "result":"DeleteReceived", "context":{"id":"e4c4ebee-e8c3-4d73-9de3-e659942c1c1b", "isDeleted:":"true", "version":"1729588448983"}}
{"logTime": "1125/112838", "correlationVector":"7//Yt/KDmSLTx3JmGNdmue.108","action":"GetUpdates", "result":"DeleteReceived", "context":{"id":"90e3e446-60f4-4e84-83b5-488a3af97b95", "isDeleted:":"true", "version":"1729592531327"}}
{"logTime": "1125/112838", "correlationVector":"7//Yt/KDmSLTx3JmGNdmue.109","action":"GetUpdates", "result":"DeleteReceived", "context":{"id":"fc7cde65-7412-4deb-a9b8-85d3e90c32f4", "isDeleted:":"true", "version":"1729592577262"}}
{"logTime": "1125/112838", "correlationVector":"7//Yt/KDmSLTx3JmGNdmue.110","action":"GetUpdates", "result":"DeleteReceived", "context":{"id":"19f8ce3f-937b-4aa5-b48f-f900fc388446", "isDeleted:":"true", "version":"1729592714425"}}
{"logTime": "1125/112838", "correlationVector":"7//Yt/KDmSLTx3JmGNdmue.111","action":"GetUpdates", "result":"DeleteReceived", "context":{"id":"74b8a2b9-dcf6-411e-aaaf-d6ad7c1cf3bf", "isDeleted:":"true", "version":"1729592714426"}}
{"logTime": "1125/112838", "correlationVector":"7//Yt/KDmSLTx3JmGNdmue.112","action":"GetUpdates", "result":"DeleteReceived", "context":{"id":"e0ab13eb-fbf1-4add-99e4-0697718b2cf6", "isDeleted:":"true", "version":"1729592720994"}}
{"logTime": "1125/112838", "correlationVector":"7//Yt/KDmSLTx3JmGNdmue.113","action":"GetUpdates", "result":"DeleteReceived", "context":{"id":"d324a18d-8a3b-4946-8235-5ebb4f7fa125", "isDeleted:":"true", "version":"1729597489636"}}
{"logTime": "1125/112838", "correlationVector":"7//Yt/KDmSLTx3JmGNdmue.114","action":"GetUpdates", "result":"DeleteReceived", "context":{"id":"1b1a7b95-0ba6-4022-bd55-75fac7b50782", "isDeleted:":"true", "version":"1729597693414"}}
{"logTime": "1125/112838", "correlationVector":"7//Yt/KDmSLTx3JmGNdmue.115","action":"GetUpdates", "result":"DeleteReceived", "context":{"id":"df24d3e4-f369-40dd-90eb-ab357ad155a4", "isDeleted:":"true", "version":"1729598517601"}}
{"logTime": "1125/112838", "correlationVector":"7//Yt/KDmSLTx3JmGNdmue.116","action":"GetUpdates", "result":"DeleteReceived", "context":{"id":"2249a769-2469-44c6-bddf-a93dd6100782", "isDeleted:":"true", "version":"1729598517604"}}
{"logTime": "1125/112838", "correlationVector":"7//Yt/KDmSLTx3JmGNdmue.117","action":"GetUpdates", "result":"DeleteReceived", "context":{"id":"9ee213bb-fe49-4c50-af63-17889a6b9782", "isDeleted:":"true", "version":"1729598965864"}}
{"logTime": "1125/112838", "correlationVector":"7//Yt/KDmSLTx3JmGNdmue.118","action":"GetUpdates", "result":"DeleteReceived", "context":{"id":"88626756-89b8-457d-8b23-2caae2141684", "isDeleted:":"true", "version":"1729599293904"}}
{"logTime": "1125/112838", "correlationVector":"7//Yt/KDmSLTx3JmGNdmue.119","action":"GetUpdates", "result":"DeleteReceived", "context":{"id":"6b7a4f76-fb55-4bb6-92d8-ca53eb549a92", "isDeleted:":"true", "version":"1729751428214"}}
{"logTime": "1125/112838", "correlationVector":"7//Yt/KDmSLTx3JmGNdmue.120","action":"GetUpdates", "result":"DeleteReceived", "context":{"id":"0e421ac6-3ccf-4815-b146-bb0cd90e0b7b", "isDeleted:":"true", "version":"1729751430918"}}
{"logTime": "1125/112838", "correlationVector":"7//Yt/KDmSLTx3JmGNdmue.121","action":"GetUpdates", "result":"DeleteReceived", "context":{"id":"0a963db7-f427-4e83-a6ae-1e455e58964e", "isDeleted:":"true", "version":"1729751762541"}}
{"logTime": "1125/112838", "correlationVector":"7//Yt/KDmSLTx3JmGNdmue.122","action":"GetUpdates", "result":"DeleteReceived", "context":{"id":"a2b45ea9-cd83-4ef5-941b-9afc8e042572", "isDeleted:":"true", "version":"1729751762542"}}
{"logTime": "1125/112838", "correlationVector":"7//Yt/KDmSLTx3JmGNdmue.123","action":"GetUpdates", "result":"DeleteReceived", "context":{"id":"3c601edc-a8e7-49b5-b297-3e279de1cd0d", "isDeleted:":"true", "version":"1729753385075"}}
{"logTime": "1125/112838", "correlationVector":"7//Yt/KDmSLTx3JmGNdmue.124","action":"GetUpdates", "result":"DeleteReceived", "context":{"id":"438465ca-1d18-4cef-944f-bd70c6527afe", "isDeleted:":"true", "version":"1729753404419"}}
{"logTime": "1125/112838", "correlationVector":"7//Yt/KDmSLTx3JmGNdmue.125","action":"GetUpdates", "result":"DeleteReceived", "context":{"id":"b46c3399-f721-4c9e-a5a6-13aaae5dcb32", "isDeleted:":"true", "version":"1729753449476"}}
{"logTime": "1125/112838", "correlationVector":"7//Yt/KDmSLTx3JmGNdmue.126","action":"GetUpdates", "result":"DeleteReceived", "context":{"id":"eace7f74-e8eb-4964-a601-925202a179e0", "isDeleted:":"true", "version":"1729753504582"}}
{"logTime": "1125/112838", "correlationVector":"7//Yt/KDmSLTx3JmGNdmue.127","action":"GetUpdates", "result":"DeleteReceived", "context":{"id":"67ee62fc-d223-46e5-9aa8-ed702abb5fb0", "isDeleted:":"true", "version":"1729753605413"}}
{"logTime": "1125/112838", "correlationVector":"7//Yt/KDmSLTx3JmGNdmue.128","action":"GetUpdates", "result":"DeleteReceived", "context":{"id":"197a658d-2a4e-458e-abb4-ee1886a5aebb", "isDeleted:":"true", "version":"1729753624899"}}
{"logTime": "1125/112838", "correlationVector":"7//Yt/KDmSLTx3JmGNdmue.129","action":"GetUpdates", "result":"DeleteReceived", "context":{"id":"a6126366-26b0-456e-b6ce-322221159cdd", "isDeleted:":"true", "version":"1729753649769"}}
{"logTime": "1125/112838", "correlationVector":"7//Yt/KDmSLTx3JmGNdmue.130","action":"GetUpdates", "result":"DeleteReceived", "context":{"id":"7210e660-d9b4-4a5c-822e-c7dbc9e63a4c", "isDeleted:":"true", "version":"1729753724922"}}
{"logTime": "1125/112838", "correlationVector":"7//Yt/KDmSLTx3JmGNdmue.131","action":"GetUpdates", "result":"DeleteReceived", "context":{"id":"e282368f-e697-4f70-9ce0-6127cf4cf58d", "isDeleted:":"true", "version":"1729755918539"}}
{"logTime": "1125/112838", "correlationVector":"7//Yt/KDmSLTx3JmGNdmue.132","action":"GetUpdates", "result":"DeleteReceived", "context":{"id":"60fced73-d568-4d9a-aed3-e6cd67b95672", "isDeleted:":"true", "version":"1729757862267"}}
{"logTime": "1125/112838", "correlationVector":"7//Yt/KDmSLTx3JmGNdmue.133","action":"GetUpdates", "result":"DeleteReceived", "context":{"id":"37df142d-6434-4e75-8c85-4d5c83f20fce", "isDeleted:":"true", "version":"1729757862269"}}
{"logTime": "1125/112838", "correlationVector":"7//Yt/KDmSLTx3JmGNdmue.134","action":"GetUpdates", "result":"DeleteReceived", "context":{"id":"74a21e91-970c-4df3-900c-c6161838803c", "isDeleted:":"true", "version":"1729757942925"}}
{"logTime": "1125/112838", "correlationVector":"7//Yt/KDmSLTx3JmGNdmue.135","action":"GetUpdates", "result":"DeleteReceived", "context":{"id":"61df3aee-93b7-4a07-9cfe-1ae0c7c82b2b", "isDeleted:":"true", "version":"1729758112794"}}
{"logTime": "1125/112838", "correlationVector":"7//Yt/KDmSLTx3JmGNdmue.136","action":"GetUpdates", "result":"DeleteReceived", "context":{"id":"34478ecf-8576-4c6d-a6e5-717fe4c631a0", "isDeleted:":"true", "version":"1729758849695"}}
{"logTime": "1125/112838", "correlationVector":"7//Yt/KDmSLTx3JmGNdmue.137","action":"GetUpdates", "result":"DeleteReceived", "context":{"id":"9e26cb63-7470-47f6-b09e-c0ea37e743a2", "isDeleted:":"true", "version":"1729759062686"}}
{"logTime": "1125/112838", "correlationVector":"7//Yt/KDmSLTx3JmGNdmue.138","action":"GetUpdates", "result":"DeleteReceived", "context":{"id":"1eef142d-3b16-49cd-8313-a07cdc161bbf", "isDeleted:":"true", "version":"1729759127577"}}
{"logTime": "1125/112838", "correlationVector":"7//Yt/KDmSLTx3JmGNdmue.139","action":"GetUpdates", "result":"DeleteReceived", "context":{"id":"1c410c41-5cae-4c1b-866c-d36c73e159ab", "isDeleted:":"true", "version":"1729759127579"}}
{"logTime": "1125/112838", "correlationVector":"7//Yt/KDmSLTx3JmGNdmue.140","action":"GetUpdates", "result":"DeleteReceived", "context":{"id":"115a4a67-55ef-46ee-ac0b-740721ad676b", "isDeleted:":"true", "version":"1729759127580"}}
{"logTime": "1125/112838", "correlationVector":"7//Yt/KDmSLTx3JmGNdmue.141","action":"GetUpdates", "result":"DeleteReceived", "context":{"id":"b110d55a-5d96-493e-ae53-41916d1a3775", "isDeleted:":"true", "version":"1729759314561"}}
{"logTime": "1125/112838", "correlationVector":"7//Yt/KDmSLTx3JmGNdmue.142","action":"GetUpdates", "result":"DeleteReceived", "context":{"id":"8aef6658-21d2-47f5-a7cf-0b3176310f19", "isDeleted:":"true", "version":"1729759314565"}}
{"logTime": "1125/112838", "correlationVector":"7//Yt/KDmSLTx3JmGNdmue.143","action":"GetUpdates", "result":"DeleteReceived", "context":{"id":"20ac6dd3-48ab-4046-903a-e717d63ab504", "isDeleted:":"true", "version":"1729761598303"}}
{"logTime": "1125/112838", "correlationVector":"7//Yt/KDmSLTx3JmGNdmue.144","action":"GetUpdates", "result":"DeleteReceived", "context":{"id":"9ca3c1b0-5e79-4b09-8af5-a6f4fd7f548f", "isDeleted:":"true", "version":"1730154350959"}}
{"logTime": "1125/112838", "correlationVector":"7//Yt/KDmSLTx3JmGNdmue.145","action":"GetUpdates", "result":"DeleteReceived", "context":{"id":"55696009-8c3d-413d-bab3-b1db2667bd9e", "isDeleted:":"true", "version":"1730154350973"}}
{"logTime": "1125/112838", "correlationVector":"7//Yt/KDmSLTx3JmGNdmue.146","action":"GetUpdates", "result":"DeleteReceived", "context":{"id":"70586ce6-7c72-4c17-bcb3-473e0b69b59a", "isDeleted:":"true", "version":"1730154350981"}}
{"logTime": "1125/112838", "correlationVector":"7//Yt/KDmSLTx3JmGNdmue.147","action":"GetUpdates", "result":"DeleteReceived", "context":{"id":"26755cec-7854-422f-95fd-7138cfa3495c", "isDeleted:":"true", "version":"1730154350987"}}
{"logTime": "1125/112838", "correlationVector":"7//Yt/KDmSLTx3JmGNdmue.148","action":"GetUpdates", "result":"DeleteReceived", "context":{"id":"17c0ee27-0d06-4292-8a33-dcd78648cf75", "isDeleted:":"true", "version":"1724836970997"}}
{"logTime": "1125/112838", "correlationVector":"7//Yt/KDmSLTx3JmGNdmue.149","action":"GetUpdates", "result":"DeleteReceived", "context":{"id":"810df716-ac4c-4639-8d9d-9fc06a3bab6b", "isDeleted:":"true", "version":"1724836970998"}}
{"logTime": "1125/112838", "correlationVector":"7//Yt/KDmSLTx3JmGNdmue.150","action":"GetUpdates", "result":"DeleteReceived", "context":{"id":"ebdc213c-ed31-4c01-8cd4-dbfd6f84d998", "isDeleted:":"true", "version":"1724836970999"}}
{"logTime": "1125/112838", "correlationVector":"7//Yt/KDmSLTx3JmGNdmue.151","action":"GetUpdates", "result":"DeleteReceived", "context":{"id":"46d7c511-b3ce-424e-820b-55587e9d48f6", "isDeleted:":"true", "version":"1727113408725"}}
{"logTime": "1125/112838", "correlationVector":"7//Yt/KDmSLTx3JmGNdmue.152","action":"GetUpdates Response", "result":"Success", "context":Received 250 update(s). cV=7//Yt/KDmSLTx3JmGNdmue.0;server=GENERAL02000010;cloudType=Consumer;environment=Prod_WestEurope_x00e;migrationStage=NotStarted Some updates remain.}
{"logTime": "1125/112838", "correlationVector":"oyqf7HMPHoFTovlFMcXAS0","action":"Initial GetUpdates", "result":"", "context":Reason: NEWLY_SUPPORTED_DATATYPE. cV=oyqf7HMPHoFTovlFMcXAS0}
{"logTime": "1125/112838", "correlationVector":"oyqf7HMPHoFTovlFMcXAS0.1","action":"SyncServerConnectionManagerRequest", "result":"SYNC_SERVER_OK", "context":{"environment":"Prod_NorthEurope_x00f", "migrationStage":"NotStarted", "server":"GENERAL0200000G"}}
{"logTime": "1125/112838", "correlationVector":"oyqf7HMPHoFTovlFMcXAS0.2","action":"GetUpdates", "result":"DeleteReceived", "context":{"id":"215c0ff8-c212-4726-927d-e8f2815e9e0e", "isDeleted:":"true", "version":"1731925931105"}}
{"logTime": "1125/112838", "correlationVector":"oyqf7HMPHoFTovlFMcXAS0.3","action":"GetUpdates", "result":"DeleteReceived", "context":{"id":"b871a327-b320-43d6-af72-d25fd1ea94e3", "isDeleted:":"true", "version":"1731925931107"}}
{"logTime": "1125/112838", "correlationVector":"oyqf7HMPHoFTovlFMcXAS0.4","action":"GetUpdates", "result":"DeleteReceived", "context":{"id":"7b919479-2035-4c97-b4a8-dbc1b9b5e636", "isDeleted:":"true", "version":"1731925931108"}}
{"logTime": "1125/112838", "correlationVector":"oyqf7HMPHoFTovlFMcXAS0.5","action":"GetUpdates", "result":"DeleteReceived", "context":{"id":"73fcf61f-1905-4783-8480-aaa0a12109b7", "isDeleted:":"true", "version":"1731925931109"}}
{"logTime": "1125/112838", "correlationVector":"oyqf7HMPHoFTovlFMcXAS0.6","action":"GetUpdates", "result":"DeleteReceived", "context":{"id":"3001c7d6-8dd8-4da9-b73f-2d9a16862836", "isDeleted:":"true", "version":"1731925931110"}}
{"logTime": "1125/112838", "correlationVector":"oyqf7HMPHoFTovlFMcXAS0.7","action":"GetUpdates Response", "result":"Success", "context":Received 250 update(s). cV=oyqf7HMPHoFTovlFMcXAS0.0;server=GENERAL0200000G;cloudType=Consumer;environment=Prod_NorthEurope_x00f;migrationStage=NotStarted Some updates remain.}
{"logTime": "1125/112838", "correlationVector":"IkOo981iYaIUs7wt2VUaVW","action":"Initial GetUpdates", "result":"", "context":Reason: NEWLY_SUPPORTED_DATATYPE. cV=IkOo981iYaIUs7wt2VUaVW}
{"logTime": "1125/112839", "correlationVector":"IkOo981iYaIUs7wt2VUaVW.1","action":"SyncServerConnectionManagerRequest", "result":"SYNC_SERVER_OK", "context":{"environment":"Prod_WestEurope_x00e", "migrationStage":"NotStarted", "server":"GENERAL0200002H"}}
{"logTime": "1125/112839", "correlationVector":"IkOo981iYaIUs7wt2VUaVW.2","action":"GetUpdates", "result":"DeleteReceived", "context":{"id":"a73cef98-feb9-4c92-bcd0-7f88e6c51a5c", "isDeleted:":"true", "version":"1732134569825"}}
{"logTime": "1125/112839", "correlationVector":"IkOo981iYaIUs7wt2VUaVW.3","action":"GetUpdates", "result":"DeleteReceived", "context":{"id":"20552277-4756-47f1-860d-dde798dac6ef", "isDeleted:":"true", "version":"1731925931111"}}
{"logTime": "1125/112839", "correlationVector":"IkOo981iYaIUs7wt2VUaVW.4","action":"GetUpdates", "result":"DeleteReceived", "context":{"id":"53ef0004-7106-4b00-8a01-a54b8aa8cc50", "isDeleted:":"true", "version":"1731925931112"}}
{"logTime": "1125/112839", "correlationVector":"IkOo981iYaIUs7wt2VUaVW.5","action":"GetUpdates", "result":"DeleteReceived", "context":{"id":"a45ff798-687a-4b68-9452-e0b29ab678b1", "isDeleted:":"true", "version":"1731925931113"}}
{"logTime": "1125/112839", "correlationVector":"IkOo981iYaIUs7wt2VUaVW.6","action":"GetUpdates", "result":"DeleteReceived", "context":{"id":"c73b47ac-ad39-4eee-ad95-94ba2c57c919", "isDeleted:":"true", "version":"1731925931114"}}
{"logTime": "1125/112839", "correlationVector":"IkOo981iYaIUs7wt2VUaVW.7","action":"GetUpdates", "result":"DeleteReceived", "context":{"id":"35ff6d40-94b0-4029-8b16-a1c3754d8883", "isDeleted:":"true", "version":"1731925931115"}}
{"logTime": "1125/112839", "correlationVector":"IkOo981iYaIUs7wt2VUaVW.8","action":"GetUpdates", "result":"DeleteReceived", "context":{"id":"490f3fc7-c02f-4bde-9ce7-06b18da72332", "isDeleted:":"true", "version":"1731925932834"}}
{"logTime": "1125/112839", "correlationVector":"IkOo981iYaIUs7wt2VUaVW.9","action":"GetUpdates", "result":"DeleteReceived", "context":{"id":"8d442a2e-ce7c-42b8-a845-965302f23010", "isDeleted:":"true", "version":"1731925932835"}}
{"logTime": "1125/112839", "correlationVector":"IkOo981iYaIUs7wt2VUaVW.10","action":"GetUpdates", "result":"DeleteReceived", "context":{"id":"9b721154-62c8-4e21-9c76-1b9c422f2810", "isDeleted:":"true", "version":"1731925932836"}}
{"logTime": "1125/112839", "correlationVector":"IkOo981iYaIUs7wt2VUaVW.11","action":"GetUpdates", "result":"DeleteReceived", "context":{"id":"daaac634-4d9f-4b21-a72c-29923ed4e1a6", "isDeleted:":"true", "version":"1731925932837"}}
{"logTime": "1125/112839", "correlationVector":"IkOo981iYaIUs7wt2VUaVW.12","action":"GetUpdates", "result":"DeleteReceived", "context":{"id":"8dfd5e6c-a272-40ff-b83e-12be5541e03c", "isDeleted:":"true", "version":"1731925932838"}}
{"logTime": "1125/112839", "correlationVector":"IkOo981iYaIUs7wt2VUaVW.13","action":"GetUpdates", "result":"DeleteReceived", "context":{"id":"318dba31-2891-496c-a753-5f166ec2d9a1", "isDeleted:":"true", "version":"1731925932839"}}
{"logTime": "1125/112839", "correlationVector":"IkOo981iYaIUs7wt2VUaVW.14","action":"GetUpdates", "result":"DeleteReceived", "context":{"id":"f4c723ed-4337-484f-9b50-1f8a6e356332", "isDeleted:":"true", "version":"1731925932840"}}
{"logTime": "1125/112839", "correlationVector":"IkOo981iYaIUs7wt2VUaVW.15","action":"GetUpdates", "result":"DeleteReceived", "context":{"id":"aab6279c-662b-4e32-be44-a539009e4c00", "isDeleted:":"true", "version":"1731925932841"}}
{"logTime": "1125/112839", "correlationVector":"IkOo981iYaIUs7wt2VUaVW.16","action":"GetUpdates", "result":"DeleteReceived", "context":{"id":"e3102f7b-0442-4549-98e4-01ce25f8c9b5", "isDeleted:":"true", "version":"1731925932842"}}
{"logTime": "1125/112839", "correlationVector":"IkOo981iYaIUs7wt2VUaVW.17","action":"GetUpdates", "result":"DeleteReceived", "context":{"id":"0976f3e9-1b0e-442b-948d-ca5d6fba39bd", "isDeleted:":"true", "version":"1731925932843"}}
{"logTime": "1125/112839", "correlationVector":"IkOo981iYaIUs7wt2VUaVW.18","action":"GetUpdates", "result":"DeleteReceived", "context":{"id":"6a9aa4a2-d7d5-4167-84ae-f470d8f80170", "isDeleted:":"true", "version":"1731925932844"}}
{"logTime": "1125/112839", "correlationVector":"IkOo981iYaIUs7wt2VUaVW.19","action":"GetUpdates", "result":"DeleteReceived", "context":{"id":"112235e5-b444-49aa-8114-136da6958ca0", "isDeleted:":"true", "version":"1731925932845"}}
{"logTime": "1125/112839", "correlationVector":"IkOo981iYaIUs7wt2VUaVW.20","action":"GetUpdates", "result":"DeleteReceived", "context":{"id":"70916d17-8559-4d6e-b34e-8a28eec75102", "isDeleted:":"true", "version":"1731925932846"}}
{"logTime": "1125/112839", "correlationVector":"IkOo981iYaIUs7wt2VUaVW.21","action":"GetUpdates", "result":"DeleteReceived", "context":{"id":"deea2ae0-3e32-4996-9cd1-72503d44ef41", "isDeleted:":"true", "version":"1731925932847"}}
{"logTime": "1125/112839", "correlationVector":"IkOo981iYaIUs7wt2VUaVW.22","action":"GetUpdates", "result":"DeleteReceived", "context":{"id":"004d0da7-aa2b-45b8-90e8-d2d7e43d4257", "isDeleted:":"true", "version":"1731925932848"}}
{"logTime": "1125/112839", "correlationVector":"IkOo981iYaIUs7wt2VUaVW.23","action":"GetUpdates", "result":"DeleteReceived", "context":{"id":"bacda018-18ee-47b4-982a-b458ed8068e8", "isDeleted:":"true", "version":"1731925932849"}}
{"logTime": "1125/112839", "correlationVector":"IkOo981iYaIUs7wt2VUaVW.24","action":"GetUpdates", "result":"DeleteReceived", "context":{"id":"b0abec72-24a8-48dc-b5c7-9508b19f180f", "isDeleted:":"true", "version":"1731925932851"}}
{"logTime": "1125/112839", "correlationVector":"IkOo981iYaIUs7wt2VUaVW.25","action":"GetUpdates", "result":"DeleteReceived", "context":{"id":"3e9d93a3-591b-40ab-99f5-8a1242210926", "isDeleted:":"true", "version":"1731925932852"}}
{"logTime": "1125/112839", "correlationVector":"IkOo981iYaIUs7wt2VUaVW.26","action":"GetUpdates", "result":"DeleteReceived", "context":{"id":"a6b9c875-18ed-4781-974e-f5e333a5b5e3", "isDeleted:":"true", "version":"1731925932853"}}
{"logTime": "1125/112839", "correlationVector":"IkOo981iYaIUs7wt2VUaVW.27","action":"GetUpdates", "result":"DeleteReceived", "context":{"id":"338ef802-9c3c-4653-b303-00d366b9e68b", "isDeleted:":"true", "version":"1731927409929"}}
{"logTime": "1125/112839", "correlationVector":"IkOo981iYaIUs7wt2VUaVW.28","action":"GetUpdates", "result":"DeleteReceived", "context":{"id":"fda08a95-3c28-450e-bb32-cff32e82d1d3", "isDeleted:":"true", "version":"1731927424277"}}
{"logTime": "1125/112839", "correlationVector":"IkOo981iYaIUs7wt2VUaVW.29","action":"GetUpdates", "result":"DeleteReceived", "context":{"id":"e8ea7386-6908-4c04-9f63-8ba3220b4949", "isDeleted:":"true", "version":"1731927715241"}}
{"logTime": "1125/112839", "correlationVector":"IkOo981iYaIUs7wt2VUaVW.30","action":"GetUpdates", "result":"DeleteReceived", "context":{"id":"05ccc26a-8d5b-464c-b69c-895c789383ee", "isDeleted:":"true", "version":"1731931368009"}}
{"logTime": "1125/112839", "correlationVector":"IkOo981iYaIUs7wt2VUaVW.31","action":"GetUpdates", "result":"DeleteReceived", "context":{"id":"0109cd9b-6fcb-4067-ae45-c125ff8253cd", "isDeleted:":"true", "version":"1731932206648"}}
{"logTime": "1125/112839", "correlationVector":"IkOo981iYaIUs7wt2VUaVW.32","action":"GetUpdates", "result":"DeleteReceived", "context":{"id":"72011dd1-c4f4-45dd-ad40-2e11693e4179", "isDeleted:":"true", "version":"1732134569829"}}
{"logTime": "1125/112839", "correlationVector":"IkOo981iYaIUs7wt2VUaVW.33","action":"GetUpdates Response", "result":"Success", "context":Received 42 update(s). cV=IkOo981iYaIUs7wt2VUaVW.0;server=GENERAL0200002H;cloudType=Consumer;environment=Prod_WestEurope_x00e;migrationStage=NotStarted}
{"logTime": "1125/112839", "correlationVector":"d76C5aTfwBtbZs5G96nd+2","action":"Normal GetUpdate request", "result":"", "context":cV=d76C5aTfwBtbZs5G96nd+2
Nudged types: Typed URLs, Sessions, Device Info, User Consents
Refresh requested types: Bookmarks, Preferences, Passwords, Autofill Profiles, Autofill, Typed URLs, Extensions, Sessions, Extension settings, History Delete Directives, Device Info, User Consents, Send Tab To Self, Web Apps, Collection, Edge E Drop, Edge Hub App Usage, Edge Tab Group, Edge Wallet, Encryption Keys}
{"logTime": "1125/112839", "correlationVector":"d76C5aTfwBtbZs5G96nd+2.1","action":"SyncServerConnectionManagerRequest", "result":"SYNC_SERVER_OK", "context":{"environment":"Prod_WestEurope_x00e", "migrationStage":"NotStarted", "server":"GENERAL0200000Q"}}
{"logTime": "1125/112839", "correlationVector":"d76C5aTfwBtbZs5G96nd+2.2","action":"GetUpdates Response", "result":"Success", "context":Received 0 update(s). cV=d76C5aTfwBtbZs5G96nd+2.0;server=GENERAL0200000Q;cloudType=Consumer;environment=Prod_WestEurope_x00e;migrationStage=NotStarted}
{"logTime": "1125/112839", "correlationVector":"psy2QWVxjS26SNqIhLzLAn","action":"Commit Request", "result":"", "context":Item count: 6
Contributing types: Typed URLs, Sessions, Device Info, User Consents}
{"logTime": "1125/112840", "correlationVector":"psy2QWVxjS26SNqIhLzLAn.1","action":"SyncServerConnectionManagerRequest", "result":"SYNC_SERVER_OK", "context":{"environment":"Prod_WestEurope_x00e", "migrationStage":"NotStarted", "server":"GENERAL02000032"}}
{"logTime": "1125/112840", "correlationVector":"psy2QWVxjS26SNqIhLzLAn.2","action":"Commit Response", "result":"Success", "context":Result: Success. cV=psy2QWVxjS26SNqIhLzLAn.0;server=GENERAL02000032;cloudType=Consumer;environment=Prod_WestEurope_x00e;migrationStage=NotStarted}
{"logTime": "1125/112840", "correlationVector":"gCmZBma3BBWiDhZcl3iw9V","action":"Commit Request", "result":"", "context":Item count: 1
Contributing types: Sessions}
{"logTime": "1125/112840", "correlationVector":"gCmZBma3BBWiDhZcl3iw9V.1","action":"SyncServerConnectionManagerRequest", "result":"SYNC_SERVER_OK", "context":{"environment":"Prod_WestEurope_x00e", "migrationStage":"NotStarted", "server":"GENERAL0200001X"}}
{"logTime": "1125/112840", "correlationVector":"gCmZBma3BBWiDhZcl3iw9V.2","action":"Commit Response", "result":"Success", "context":Result: Success. cV=gCmZBma3BBWiDhZcl3iw9V.0;server=GENERAL0200001X;cloudType=Consumer;environment=Prod_WestEurope_x00e;migrationStage=NotStarted}
{"logTime": "1125/112857", "correlationVector":"gfWvAsAY3csewO0jE/bKgF","action":"Commit Request", "result":"", "context":Item count: 40
Contributing types: Passwords}
{"logTime": "1125/112859", "correlationVector":"gfWvAsAY3csewO0jE/bKgF.1","action":"SyncServerConnectionManagerRequest", "result":"SYNC_SERVER_OK", "context":{"environment":"Prod_WestEurope_x00e", "migrationStage":"NotStarted", "server":"GENERAL0200000O"}}
{"logTime": "1125/112859", "correlationVector":"gfWvAsAY3csewO0jE/bKgF.2","action":"Commit Response", "result":"Success", "context":Result: Success. cV=gfWvAsAY3csewO0jE/bKgF.0;server=GENERAL0200000O;cloudType=Consumer;environment=Prod_WestEurope_x00e;migrationStage=NotStarted}
{"logTime": "1125/112859", "correlationVector":"0Z1F0P+0+PGp3OhyIAHogD","action":"Commit Request", "result":"", "context":Item count: 34
Contributing types: Preferences, Passwords}
{"logTime": "1125/112902", "correlationVector":"0Z1F0P+0+PGp3OhyIAHogD.1","action":"SyncServerConnectionManagerRequest", "result":"SYNC_SERVER_OK", "context":{"environment":"Prod_NorthEurope_x00f", "migrationStage":"NotStarted", "server":"GENERAL0100001X"}}
{"logTime": "1125/112902", "correlationVector":"0Z1F0P+0+PGp3OhyIAHogD.2","action":"Commit Response", "result":"Success", "context":Result: Success. cV=0Z1F0P+0+PGp3OhyIAHogD.0;server=GENERAL0100001X;cloudType=Consumer;environment=Prod_NorthEurope_x00f;migrationStage=NotStarted}
